# JRE version: OpenJDK Runtime Environment (8.0_372-b07) (build 1.8.0_372-b07)
# Java VM: OpenJDK 64-Bit Server VM (25.372-b07 mixed mode windows-amd64 compressed oops)
Heap:
 PSYoungGen      total 152576K, used 5766K [0x0000000716300000, 0x0000000720d00000, 0x00000007c0000000)
  eden space 131072K, 4% used [0x0000000716300000,0x00000007168a1960,0x000000071e300000)
  from space 21504K, 0% used [0x000000071e300000,0x000000071e300000,0x000000071f800000)
  to   space 21504K, 0% used [0x000000071f800000,0x000000071f800000,0x0000000720d00000)
 ParOldGen       total 348160K, used 44248K [0x00000005c2800000, 0x00000005d7c00000, 0x0000000716300000)
  object space 348160K, 12% used [0x00000005c2800000,0x00000005c53362d0,0x00000005d7c00000)
 Metaspace       used 18826K, capacity 19157K, committed 19456K, reserved 1067008K
  class space    used 1671K, capacity 1757K, committed 1792K, reserved 1048576K
GC Heap History (10 events):
Event: 8.119 GC heap before
{Heap before GC invocations=5 (full 2):
 PSYoungGen      total 152576K, used 12517K [0x0000000716300000, 0x0000000720d00000, 0x00000007c0000000)
  eden space 131072K, 0% used [0x0000000716300000,0x0000000716300000,0x000000071e300000)
  from space 21504K, 58% used [0x000000071e300000,0x000000071ef39488,0x000000071f800000)
  to   space 21504K, 0% used [0x000000071f800000,0x000000071f800000,0x0000000720d00000)
 ParOldGen       total 348160K, used 18488K [0x00000005c2800000, 0x00000005d7c00000, 0x0000000716300000)
  object space 348160K, 5% used [0x00000005c2800000,0x00000005c3a0e2e0,0x00000005d7c00000)
 Metaspace       used 18308K, capacity 18599K, committed 18944K, reserved 1067008K
  class space    used 1659K, capacity 1748K, committed 1792K, reserved 1048576K
Event: 8.142 GC heap after
Heap after GC invocations=5 (full 2):
 PSYoungGen      total 152576K, used 0K [0x0000000716300000, 0x0000000720d00000, 0x00000007c0000000)
  eden space 131072K, 0% used [0x0000000716300000,0x0000000716300000,0x000000071e300000)
  from space 21504K, 0% used [0x000000071e300000,0x000000071e300000,0x000000071f800000)
  to   space 21504K, 0% used [0x000000071f800000,0x000000071f800000,0x0000000720d00000)
 ParOldGen       total 348160K, used 18913K [0x00000005c2800000, 0x00000005d7c00000, 0x0000000716300000)
  object space 348160K, 5% used [0x00000005c2800000,0x00000005c3a78680,0x00000005d7c00000)
 Metaspace       used 18308K, capacity 18599K, committed 18944K, reserved 1067008K
  class space    used 1659K, capacity 1748K, committed 1792K, reserved 1048576K
}
Event: 10.495 GC heap before
{Heap before GC invocations=6 (full 2):
 PSYoungGen      total 152576K, used 130022K [0x0000000716300000, 0x0000000720d00000, 0x00000007c0000000)
  eden space 131072K, 99% used [0x0000000716300000,0x000000071e1f9b08,0x000000071e300000)
  from space 21504K, 0% used [0x000000071e300000,0x000000071e300000,0x000000071f800000)
  to   space 21504K, 0% used [0x000000071f800000,0x000000071f800000,0x0000000720d00000)
 ParOldGen       total 348160K, used 18913K [0x00000005c2800000, 0x00000005d7c00000, 0x0000000716300000)
  object space 348160K, 5% used [0x00000005c2800000,0x00000005c3a78680,0x00000005d7c00000)
 Metaspace       used 18578K, capacity 18901K, committed 19200K, reserved 1067008K
  class space    used 1669K, capacity 1757K, committed 1792K, reserved 1048576K
Event: 10.497 GC heap after
Heap after GC invocations=6 (full 2):
 PSYoungGen      total 152576K, used 8032K [0x0000000716300000, 0x0000000720d00000, 0x00000007c0000000)
  eden space 131072K, 0% used [0x0000000716300000,0x0000000716300000,0x000000071e300000)
  from space 21504K, 37% used [0x000000071f800000,0x000000071ffd8100,0x0000000720d00000)
  to   space 21504K, 0% used [0x000000071e300000,0x000000071e300000,0x000000071f800000)
 ParOldGen       total 348160K, used 18913K [0x00000005c2800000, 0x00000005d7c00000, 0x0000000716300000)
  object space 348160K, 5% used [0x00000005c2800000,0x00000005c3a78680,0x00000005d7c00000)
 Metaspace       used 18578K, capacity 18901K, committed 19200K, reserved 1067008K
  class space    used 1669K, capacity 1757K, committed 1792K, reserved 1048576K
}
Event: 10.497 GC heap before
{Heap before GC invocations=7 (full 3):
 PSYoungGen      total 152576K, used 8032K [0x0000000716300000, 0x0000000720d00000, 0x00000007c0000000)
  eden space 131072K, 0% used [0x0000000716300000,0x0000000716300000,0x000000071e300000)
  from space 21504K, 37% used [0x000000071f800000,0x000000071ffd8100,0x0000000720d00000)
  to   space 21504K, 0% used [0x000000071e300000,0x000000071e300000,0x000000071f800000)
 ParOldGen       total 348160K, used 18913K [0x00000005c2800000, 0x00000005d7c00000, 0x0000000716300000)
  object space 348160K, 5% used [0x00000005c2800000,0x00000005c3a78680,0x00000005d7c00000)
 Metaspace       used 18578K, capacity 18901K, committed 19200K, reserved 1067008K
  class space    used 1669K, capacity 1757K, committed 1792K, reserved 1048576K
Event: 10.521 GC heap after
Heap after GC invocations=7 (full 3):
 PSYoungGen      total 152576K, used 0K [0x0000000716300000, 0x0000000720d00000, 0x00000007c0000000)
  eden space 131072K, 0% used [0x0000000716300000,0x0000000716300000,0x000000071e300000)
  from space 21504K, 0% used [0x000000071f800000,0x000000071f800000,0x0000000720d00000)
  to   space 21504K, 0% used [0x000000071e300000,0x000000071e300000,0x000000071f800000)
 ParOldGen       total 348160K, used 22216K [0x00000005c2800000, 0x00000005d7c00000, 0x0000000716300000)
  object space 348160K, 6% used [0x00000005c2800000,0x00000005c3db2318,0x00000005d7c00000)
 Metaspace       used 18578K, capacity 18901K, committed 19200K, reserved 1067008K
  class space    used 1669K, capacity 1757K, committed 1792K, reserved 1048576K
}
Event: 10.781 GC heap before
{Heap before GC invocations=8 (full 3):
 PSYoungGen      total 152576K, used 58419K [0x0000000716300000, 0x0000000720d00000, 0x00000007c0000000)
  eden space 131072K, 44% used [0x0000000716300000,0x0000000719c0cc68,0x000000071e300000)
  from space 21504K, 0% used [0x000000071f800000,0x000000071f800000,0x0000000720d00000)
  to   space 21504K, 0% used [0x000000071e300000,0x000000071e300000,0x000000071f800000)
 ParOldGen       total 348160K, used 22216K [0x00000005c2800000, 0x00000005d7c00000, 0x0000000716300000)
  object space 348160K, 6% used [0x00000005c2800000,0x00000005c3db2318,0x00000005d7c00000)
 Metaspace       used 18800K, capacity 19093K, committed 19456K, reserved 1067008K
  class space    used 1671K, capacity 1757K, committed 1792K, reserved 1048576K
Event: 10.784 GC heap after
Heap after GC invocations=8 (full 3):
 PSYoungGen      total 152576K, used 21494K [0x0000000716300000, 0x0000000720d00000, 0x00000007c0000000)
  eden space 131072K, 0% used [0x0000000716300000,0x0000000716300000,0x000000071e300000)
  from space 21504K, 99% used [0x000000071e300000,0x000000071f7fdbc0,0x000000071f800000)
  to   space 21504K, 0% used [0x000000071f800000,0x000000071f800000,0x0000000720d00000)
 ParOldGen       total 348160K, used 24298K [0x00000005c2800000, 0x00000005d7c00000, 0x0000000716300000)
  object space 348160K, 6% used [0x00000005c2800000,0x00000005c3fbab28,0x00000005d7c00000)
 Metaspace       used 18800K, capacity 19093K, committed 19456K, reserved 1067008K
  class space    used 1671K, capacity 1757K, committed 1792K, reserved 1048576K
}
Event: 10.784 GC heap before
{Heap before GC invocations=9 (full 4):
 PSYoungGen      total 152576K, used 21494K [0x0000000716300000, 0x0000000720d00000, 0x00000007c0000000)
  eden space 131072K, 0% used [0x0000000716300000,0x0000000716300000,0x000000071e300000)
  from space 21504K, 99% used [0x000000071e300000,0x000000071f7fdbc0,0x000000071f800000)
  to   space 21504K, 0% used [0x000000071f800000,0x000000071f800000,0x0000000720d00000)
 ParOldGen       total 348160K, used 24298K [0x00000005c2800000, 0x00000005d7c00000, 0x0000000716300000)
  object space 348160K, 6% used [0x00000005c2800000,0x00000005c3fbab28,0x00000005d7c00000)
 Metaspace       used 18800K, capacity 19093K, committed 19456K, reserved 1067008K
  class space    used 1671K, capacity 1757K, committed 1792K, reserved 1048576K
Event: 10.813 GC heap after
Heap after GC invocations=9 (full 4):
 PSYoungGen      total 152576K, used 0K [0x0000000716300000, 0x0000000720d00000, 0x00000007c0000000)
  eden space 131072K, 0% used [0x0000000716300000,0x0000000716300000,0x000000071e300000)
  from space 21504K, 0% used [0x000000071e300000,0x000000071e300000,0x000000071f800000)
  to   space 21504K, 0% used [0x000000071f800000,0x000000071f800000,0x0000000720d00000)
 ParOldGen       total 348160K, used 44248K [0x00000005c2800000, 0x00000005d7c00000, 0x0000000716300000)
  object space 348160K, 12% used [0x00000005c2800000,0x00000005c53362d0,0x00000005d7c00000)
 Metaspace       used 18800K, capacity 19093K, committed 19456K, reserved 1067008K
  class space    used 1671K, capacity 1757K, committed 1792K, reserved 1048576K
}

