# JRE version: OpenJDK Runtime Environment (8.0_372-b07) (build 1.8.0_372-b07)
# Java VM: OpenJDK 64-Bit Server VM (25.372-b07 mixed mode windows-amd64 compressed oops)
Heap:
 PSYoungGen      total 152576K, used 5244K [0x0000000716300000, 0x0000000720d00000, 0x00000007c0000000)
  eden space 131072K, 4% used [0x0000000716300000,0x000000071681f380,0x000000071e300000)
  from space 21504K, 0% used [0x000000071f800000,0x000000071f800000,0x0000000720d00000)
  to   space 21504K, 0% used [0x000000071e300000,0x000000071e300000,0x000000071f800000)
 ParOldGen       total 348160K, used 45213K [0x00000005c2800000, 0x00000005d7c00000, 0x0000000716300000)
  object space 348160K, 12% used [0x00000005c2800000,0x00000005c5427740,0x00000005d7c00000)
 Metaspace       used 18876K, capacity 19221K, committed 19456K, reserved 1067008K
  class space    used 1672K, capacity 1757K, committed 1792K, reserved 1048576K
GC Heap History (10 events):
Event: 7.072 GC heap before
{Heap before GC invocations=7 (full 3):
 PSYoungGen      total 152576K, used 131072K [0x0000000716300000, 0x0000000720d00000, 0x00000007c0000000)
  eden space 131072K, 100% used [0x0000000716300000,0x000000071e300000,0x000000071e300000)
  from space 21504K, 0% used [0x000000071e300000,0x000000071e300000,0x000000071f800000)
  to   space 21504K, 0% used [0x000000071f800000,0x000000071f800000,0x0000000720d00000)
 ParOldGen       total 348160K, used 19868K [0x00000005c2800000, 0x00000005d7c00000, 0x0000000716300000)
  object space 348160K, 5% used [0x00000005c2800000,0x00000005c3b67188,0x00000005d7c00000)
 Metaspace       used 18579K, capacity 18823K, committed 19200K, reserved 1067008K
  class space    used 1670K, capacity 1756K, committed 1792K, reserved 1048576K
Event: 7.078 GC heap after
Heap after GC invocations=7 (full 3):
 PSYoungGen      total 152576K, used 21492K [0x0000000716300000, 0x0000000720d00000, 0x00000007c0000000)
  eden space 131072K, 0% used [0x0000000716300000,0x0000000716300000,0x000000071e300000)
  from space 21504K, 99% used [0x000000071f800000,0x0000000720cfd0a8,0x0000000720d00000)
  to   space 21504K, 0% used [0x000000071e300000,0x000000071e300000,0x000000071f800000)
 ParOldGen       total 348160K, used 32093K [0x00000005c2800000, 0x00000005d7c00000, 0x0000000716300000)
  object space 348160K, 9% used [0x00000005c2800000,0x00000005c4757508,0x00000005d7c00000)
 Metaspace       used 18579K, capacity 18823K, committed 19200K, reserved 1067008K
  class space    used 1670K, capacity 1756K, committed 1792K, reserved 1048576K
}
Event: 8.206 GC heap before
{Heap before GC invocations=8 (full 3):
 PSYoungGen      total 152576K, used 38757K [0x0000000716300000, 0x0000000720d00000, 0x00000007c0000000)
  eden space 131072K, 13% used [0x0000000716300000,0x00000007173dc590,0x000000071e300000)
  from space 21504K, 99% used [0x000000071f800000,0x0000000720cfd0a8,0x0000000720d00000)
  to   space 21504K, 0% used [0x000000071e300000,0x000000071e300000,0x000000071f800000)
 ParOldGen       total 348160K, used 32093K [0x00000005c2800000, 0x00000005d7c00000, 0x0000000716300000)
  object space 348160K, 9% used [0x00000005c2800000,0x00000005c4757508,0x00000005d7c00000)
 Metaspace       used 18631K, capacity 18901K, committed 19200K, reserved 1067008K
  class space    used 1670K, capacity 1757K, committed 1792K, reserved 1048576K
Event: 8.208 GC heap after
Heap after GC invocations=8 (full 3):
 PSYoungGen      total 152576K, used 10088K [0x0000000716300000, 0x0000000720d00000, 0x00000007c0000000)
  eden space 131072K, 0% used [0x0000000716300000,0x0000000716300000,0x000000071e300000)
  from space 21504K, 46% used [0x000000071e300000,0x000000071ecda128,0x000000071f800000)
  to   space 21504K, 0% used [0x000000071f800000,0x000000071f800000,0x0000000720d00000)
 ParOldGen       total 348160K, used 32101K [0x00000005c2800000, 0x00000005d7c00000, 0x0000000716300000)
  object space 348160K, 9% used [0x00000005c2800000,0x00000005c4759508,0x00000005d7c00000)
 Metaspace       used 18631K, capacity 18901K, committed 19200K, reserved 1067008K
  class space    used 1670K, capacity 1757K, committed 1792K, reserved 1048576K
}
Event: 8.208 GC heap before
{Heap before GC invocations=9 (full 4):
 PSYoungGen      total 152576K, used 10088K [0x0000000716300000, 0x0000000720d00000, 0x00000007c0000000)
  eden space 131072K, 0% used [0x0000000716300000,0x0000000716300000,0x000000071e300000)
  from space 21504K, 46% used [0x000000071e300000,0x000000071ecda128,0x000000071f800000)
  to   space 21504K, 0% used [0x000000071f800000,0x000000071f800000,0x0000000720d00000)
 ParOldGen       total 348160K, used 32101K [0x00000005c2800000, 0x00000005d7c00000, 0x0000000716300000)
  object space 348160K, 9% used [0x00000005c2800000,0x00000005c4759508,0x00000005d7c00000)
 Metaspace       used 18631K, capacity 18901K, committed 19200K, reserved 1067008K
  class space    used 1670K, capacity 1757K, committed 1792K, reserved 1048576K
Event: 8.231 GC heap after
Heap after GC invocations=9 (full 4):
 PSYoungGen      total 152576K, used 0K [0x0000000716300000, 0x0000000720d00000, 0x00000007c0000000)
  eden space 131072K, 0% used [0x0000000716300000,0x0000000716300000,0x000000071e300000)
  from space 21504K, 0% used [0x000000071e300000,0x000000071e300000,0x000000071f800000)
  to   space 21504K, 0% used [0x000000071f800000,0x000000071f800000,0x0000000720d00000)
 ParOldGen       total 348160K, used 23212K [0x00000005c2800000, 0x00000005d7c00000, 0x0000000716300000)
  object space 348160K, 6% used [0x00000005c2800000,0x00000005c3eab3b8,0x00000005d7c00000)
 Metaspace       used 18631K, capacity 18901K, committed 19200K, reserved 1067008K
  class space    used 1670K, capacity 1757K, committed 1792K, reserved 1048576K
}
Event: 8.480 GC heap before
{Heap before GC invocations=10 (full 4):
 PSYoungGen      total 152576K, used 56933K [0x0000000716300000, 0x0000000720d00000, 0x00000007c0000000)
  eden space 131072K, 43% used [0x0000000716300000,0x0000000719a99508,0x000000071e300000)
  from space 21504K, 0% used [0x000000071e300000,0x000000071e300000,0x000000071f800000)
  to   space 21504K, 0% used [0x000000071f800000,0x000000071f800000,0x0000000720d00000)
 ParOldGen       total 348160K, used 23212K [0x00000005c2800000, 0x00000005d7c00000, 0x0000000716300000)
  object space 348160K, 6% used [0x00000005c2800000,0x00000005c3eab3b8,0x00000005d7c00000)
 Metaspace       used 18853K, capacity 19157K, committed 19456K, reserved 1067008K
  class space    used 1672K, capacity 1757K, committed 1792K, reserved 1048576K
Event: 8.482 GC heap after
Heap after GC invocations=10 (full 4):
 PSYoungGen      total 152576K, used 21495K [0x0000000716300000, 0x0000000720d00000, 0x00000007c0000000)
  eden space 131072K, 0% used [0x0000000716300000,0x0000000716300000,0x000000071e300000)
  from space 21504K, 99% used [0x000000071f800000,0x0000000720cfdc00,0x0000000720d00000)
  to   space 21504K, 0% used [0x000000071e300000,0x000000071e300000,0x000000071f800000)
 ParOldGen       total 348160K, used 25238K [0x00000005c2800000, 0x00000005d7c00000, 0x0000000716300000)
  object space 348160K, 7% used [0x00000005c2800000,0x00000005c40a5b88,0x00000005d7c00000)
 Metaspace       used 18853K, capacity 19157K, committed 19456K, reserved 1067008K
  class space    used 1672K, capacity 1757K, committed 1792K, reserved 1048576K
}
Event: 8.482 GC heap before
{Heap before GC invocations=11 (full 5):
 PSYoungGen      total 152576K, used 21495K [0x0000000716300000, 0x0000000720d00000, 0x00000007c0000000)
  eden space 131072K, 0% used [0x0000000716300000,0x0000000716300000,0x000000071e300000)
  from space 21504K, 99% used [0x000000071f800000,0x0000000720cfdc00,0x0000000720d00000)
  to   space 21504K, 0% used [0x000000071e300000,0x000000071e300000,0x000000071f800000)
 ParOldGen       total 348160K, used 25238K [0x00000005c2800000, 0x00000005d7c00000, 0x0000000716300000)
  object space 348160K, 7% used [0x00000005c2800000,0x00000005c40a5b88,0x00000005d7c00000)
 Metaspace       used 18853K, capacity 19157K, committed 19456K, reserved 1067008K
  class space    used 1672K, capacity 1757K, committed 1792K, reserved 1048576K
Event: 8.512 GC heap after
Heap after GC invocations=11 (full 5):
 PSYoungGen      total 152576K, used 0K [0x0000000716300000, 0x0000000720d00000, 0x00000007c0000000)
  eden space 131072K, 0% used [0x0000000716300000,0x0000000716300000,0x000000071e300000)
  from space 21504K, 0% used [0x000000071f800000,0x000000071f800000,0x0000000720d00000)
  to   space 21504K, 0% used [0x000000071e300000,0x000000071e300000,0x000000071f800000)
 ParOldGen       total 348160K, used 45213K [0x00000005c2800000, 0x00000005d7c00000, 0x0000000716300000)
  object space 348160K, 12% used [0x00000005c2800000,0x00000005c5427740,0x00000005d7c00000)
 Metaspace       used 18853K, capacity 19157K, committed 19456K, reserved 1067008K
  class space    used 1672K, capacity 1757K, committed 1792K, reserved 1048576K
}

